
	Position file = macs2Output/SRR945976/SOX2.SRR945976.chr18_peaks.narrowPeak
	Genome = references/genome.fa
	Output Directory = homerOutput/SOX2.SRR945976
	Using 8 CPUs
	Using Custom Genome
	Peak/BED file conversion summary:
		BED/Header formatted lines: 1922
		peakfile formatted lines: 0

	Peak File Statistics:
		Total Peaks: 1922
		Redundant Peak IDs: 0
		Peaks lacking information: 0 (need at least 5 columns per peak)
		Peaks with misformatted coordinates: 0 (should be integer)
		Peaks with misformatted strand: 0 (should be either +/- or 0/1)

	Peak file looks good!

	Background files for 200 bp fragments found.
	Custom genome sequence file: references/genome.fa

	Extracting sequences from file: references/genome.fa
	Looking for peak sequences in a single file (references/genome.fa)
	Extracting 137 sequences from 1
	Extracting 71 sequences from 10
	Extracting 67 sequences from 11
	Extracting 89 sequences from 12
	Extracting 56 sequences from 13
	Extracting 47 sequences from 14
	Extracting 34 sequences from 15
	Extracting 70 sequences from 16
	Extracting 73 sequences from 17
	Extracting 308 sequences from 18
	Extracting 52 sequences from 19
	Extracting 146 sequences from 2
	Extracting 58 sequences from 20
	Extracting 31 sequences from 21
	Extracting 46 sequences from 22
	Extracting 89 sequences from 3
	Extracting 104 sequences from 4
	Extracting 81 sequences from 5
	Extracting 67 sequences from 6
	Extracting 104 sequences from 7
	Extracting 79 sequences from 8
	Extracting 71 sequences from 9
	Extracting 2 sequences from MT
	Extracting 19 sequences from X
	Extracting 2 sequences from Y
	Extracting 1 sequences from KI270442.1
	Extracting 2 sequences from KI270718.1
	Extracting 1 sequences from KI270317.1
	Extracting 3 sequences from KI270467.1
	Extracting 2 sequences from KI270333.1
	Extracting 1 sequences from KI270304.1
	Extracting 3 sequences from KI270303.1
	Extracting 1 sequences from KI270466.1
	Extracting 2 sequences from KI270310.1
	Extracting 2 sequences from KI270337.1
	Extracting 1 sequences from KI270336.1

	Not removing redundant sequences


	Sequences processed:
		Auto detected maximum sequence length of 201 bp
		1922 total

	Frequency Bins: 0.2 0.25 0.3 0.35 0.4 0.45 0.5 0.6 0.7 0.8
	Freq	Bin	Count
	0.2	0	12
	0.25	1	71
	0.3	2	156
	0.35	3	145
	0.4	4	173
	0.45	5	298
	0.5	6	467
	0.6	7	519
	0.7	8	81

	Total sequences set to 50000

	Choosing background that matches in CpG/GC content...
	Bin	# Targets	# Background	Background Weight
	0	12	300	1.001
	1	71	1776	1.000
	2	156	3902	1.000
	3	145	3627	1.000
	4	173	4328	1.000
	5	298	7454	1.000
	6	467	11682	1.000
	7	519	12983	1.000
	8	81	2026	1.000
	Assembling sequence file...
	Normalizing lower order oligos using homer2

	Reading input files...
	50000 total sequences read
	Autonormalization: 1-mers (4 total)
		A	27.80%	27.81%	1.000
		C	22.20%	22.19%	1.000
		G	22.20%	22.19%	1.000
		T	27.80%	27.81%	1.000
	Autonormalization: 2-mers (16 total)
		AA	2.96%	8.66%	0.342
		CA	12.55%	7.48%	1.679
		GA	3.47%	6.04%	0.574
		TA	8.83%	5.63%	1.567
		AC	10.18%	5.06%	2.014
		CC	4.35%	6.12%	0.711
		GC	4.21%	4.97%	0.846
		TC	3.47%	6.04%	0.574
		AG	3.68%	7.33%	0.502
		CG	1.62%	1.27%	1.279
		GG	4.35%	6.12%	0.711
		TG	12.55%	7.48%	1.679
		AT	10.98%	6.76%	1.623
		CT	3.68%	7.33%	0.502
		GT	10.18%	5.06%	2.014
		TT	2.96%	8.66%	0.342
	Autonormalization: 3-mers (64 total)
	Normalization weights can be found in file: homerOutput/SOX2.SRR945976/seq.autonorm.tsv
	Converging on autonormalization solution:
	...............................................................................
	Final normalization:	Autonormalization: 1-mers (4 total)
		A	27.80%	28.06%	0.991
		C	22.20%	21.94%	1.012
		G	22.20%	21.94%	1.012
		T	27.80%	28.06%	0.991
	Autonormalization: 2-mers (16 total)
		AA	2.96%	6.91%	0.429
		CA	12.55%	8.82%	1.423
		GA	3.47%	5.16%	0.672
		TA	8.83%	7.17%	1.230
		AC	10.18%	6.48%	1.571
		CC	4.35%	5.65%	0.771
		GC	4.21%	4.67%	0.902
		TC	3.47%	5.16%	0.672
		AG	3.68%	6.14%	0.599
		CG	1.62%	1.34%	1.205
		GG	4.35%	5.65%	0.771
		TG	12.55%	8.82%	1.423
		AT	10.98%	8.52%	1.288
		CT	3.68%	6.14%	0.599
		GT	10.18%	6.48%	1.571
		TT	2.96%	6.91%	0.429
	Autonormalization: 3-mers (64 total)
	Finished preparing sequence/group files

	----------------------------------------------------------
	Known motif enrichment

	Reading input files...
	50000 total sequences read
	1006 motifs loaded
	Cache length = 11180
	Using binomial scoring
	Checking enrichment of 1006 motif(s)
	|0%                                    50%                                  100%|
	=================================================================================
	Preparing HTML output with sequence logos...
		1 of 1006 (1e-127) BAM8(BES1)/col-BAM8-DAP-Seq(GSE60143)/Homer
		2 of 1006 (1e-119) MNT(bHLH)/HepG2-MNT-ChIP-Seq(Encode)/Homer
		3 of 1006 (1e-114) OCT:OCT(POU,Homeobox)/NPC-OCT6-ChIP-Seq(GSE43916)/Homer
		4 of 1006 (1e-114) HIF-1b(HLH)/T47D-HIF1b-ChIP-Seq(GSE59937)/Homer
		5 of 1006 (1e-103) BZR1(BZR)/col-BZR1-DAP-Seq(GSE60143)/Homer
		6 of 1006 (1e-98) FUS3(ABI3VP1)/col-FUS3-DAP-Seq(GSE60143)/Homer
		7 of 1006 (1e-94) At4g18890(BZR)/col-At4g18890-DAP-Seq(GSE60143)/Homer
		8 of 1006 (1e-93) NPAS(bHLH)/Liver-NPAS-ChIP-Seq(GSE39860)/Homer
		9 of 1006 (1e-87) p53(p53)/Saos-p53-ChIP-Seq(GSE15780)/Homer
		10 of 1006 (1e-87) p53(p53)/Saos-p53-ChIP-Seq/Homer
		11 of 1006 (1e-87) Fox:Ebox(Forkhead,bHLH)/Panc1-Foxa2-ChIP-Seq(GSE47459)/Homer
		12 of 1006 (1e-81) AT3G51470(DBP)/col-AT3G51470-DAP-Seq(GSE60143)/Homer
		13 of 1006 (1e-81) BMAL1(bHLH)/Liver-Bmal1-ChIP-Seq(GSE39860)/Homer
		14 of 1006 (1e-81) RBFox2(?)/Heart-RBFox2-CLIP-Seq(GSE57926)/Homer
		15 of 1006 (1e-80) At4g36780(BZR)/col-At4g36780-DAP-Seq(GSE60143)/Homer
		16 of 1006 (1e-80) At1g78700(BZR)/col-At1g78700-DAP-Seq(GSE60143)/Homer
		17 of 1006 (1e-71) Pit1(Homeobox)/GCrat-Pit1-ChIP-Seq(GSE58009)/Homer
		18 of 1006 (1e-70) BIM2(bHLH)/col-BIM2-DAP-Seq(GSE60143)/Homer
		19 of 1006 (1e-67) E-box/Arabidopsis-Promoters/Homer
		20 of 1006 (1e-66) c-Myc(bHLH)/LNCAP-cMyc-ChIP-Seq(Unpublished)/Homer
		21 of 1006 (1e-66) Arnt:Ahr(bHLH)/MCF7-Arnt-ChIP-Seq(Lo_et_al.)/Homer
		22 of 1006 (1e-64) NAP(NAC)/col-NAP-DAP-Seq(GSE60143)/Homer
		23 of 1006 (1e-63) p63(p53)/Keratinocyte-p63-ChIP-Seq(GSE17611)/Homer
		24 of 1006 (1e-59) NPAS2(bHLH)/Liver-NPAS2-ChIP-Seq(GSE39860)/Homer
		25 of 1006 (1e-58) CLOCK(bHLH)/Liver-Clock-ChIP-Seq(GSE39860)/Homer
		26 of 1006 (1e-57) bHLH34(bHLH)/colamp-bHLH34-DAP-Seq(GSE60143)/Homer
		27 of 1006 (1e-56) NAM(NAC)/col-NAM-DAP-Seq(GSE60143)/Homer
		28 of 1006 (1e-54) Egr1(Zf)/K562-Egr1-ChIP-Seq(GSE32465)/Homer
		29 of 1006 (1e-54) PIF4(bHLH)/Seedling-PIF4-ChIP-Seq(GSE35315)/Homer
		30 of 1006 (1e-52) bZIP68(bZIP)/col-bZIP68-DAP-Seq(GSE60143)/Homer
		31 of 1006 (1e-51) bZIP53(bZIP)/colamp-bZIP53-DAP-Seq(GSE60143)/Homer
		32 of 1006 (1e-51) bHLHE40(bHLH)/HepG2-BHLHE40-ChIP-Seq(GSE31477)/Homer
		33 of 1006 (1e-51) GT3a(Trihelix)/col-GT3a-DAP-Seq(GSE60143)/Homer
		34 of 1006 (1e-50) PHA-4(Forkhead)/cElegans-Embryos-PHA4-ChIP-Seq(modEncode)/Homer
		35 of 1006 (1e-47) Twist2(bHLH)/Myoblast-Twist2.Ty1-ChIP-Seq(GSE127998)/Homer
		36 of 1006 (1e-45) SPCH(bHLH)/Seedling-SPCH-ChIP-Seq(GSE57497)/Homer
		37 of 1006 (1e-41) bHLHE41(bHLH)/proB-Bhlhe41-ChIP-Seq(GSE93764)/Homer
		38 of 1006 (1e-41) HY5(bZIP)/colamp-HY5-DAP-Seq(GSE60143)/Homer
		39 of 1006 (1e-41) SPL1(SBP)/colamp-SPL1-DAP-Seq(GSE60143)/Homer
		40 of 1006 (1e-41) KLF10(Zf)/HEK293-KLF10.GFP-ChIP-Seq(GSE58341)/Homer
		41 of 1006 (1e-40) c-Myc(bHLH)/mES-cMyc-ChIP-Seq(GSE11431)/Homer
		42 of 1006 (1e-39) HIF2a(bHLH)/785_O-HIF2a-ChIP-Seq(GSE34871)/Homer
		43 of 1006 (1e-39) ABF1(bZIP)/Arabidopsis-ABF1-ChIP-Seq(GSE80564)/Homer
		44 of 1006 (1e-38) Max(bHLH)/K562-Max-ChIP-Seq(GSE31477)/Homer
		45 of 1006 (1e-38) NRF(NRF)/Promoter/Homer
		46 of 1006 (1e-38) bZIP3(bZIP)/col-bZIP3-DAP-Seq(GSE60143)/Homer
		47 of 1006 (1e-37) ABI5(bZIP)/col-ABI5-DAP-Seq(GSE60143)/Homer
		48 of 1006 (1e-35) GBF6(bZIP)/colamp-GBF6-DAP-Seq(GSE60143)/Homer
		49 of 1006 (1e-34) AREB3(bZIP)/col-AREB3-DAP-Seq(GSE60143)/Homer
		50 of 1006 (1e-33) n-Myc(bHLH)/mES-nMyc-ChIP-Seq(GSE11431)/Homer
		51 of 1006 (1e-33) bZIP48(bZIP)/colamp-bZIP48-DAP-Seq(GSE60143)/Homer
		52 of 1006 (1e-32) Pho4(bHLH)/Yeast-Pho4-ChIP-Seq(GSE29506)/Homer
		53 of 1006 (1e-31) ATAF1(NAC)/col-ATAF1-DAP-Seq(GSE60143)/Homer
		54 of 1006 (1e-31) TCF4(bHLH)/SHSY5Y-TCF4-ChIP-Seq(GSE96915)/Homer
		55 of 1006 (1e-30) bZIP16(bZIP)/colamp-bZIP16-DAP-Seq(GSE60143)/Homer
		56 of 1006 (1e-28) ABF2(bZIP)/col-ABF2-DAP-Seq(GSE60143)/Homer
		57 of 1006 (1e-27) GBF5(bZIP)/colamp-GBF5-DAP-Seq(GSE60143)/Homer
		58 of 1006 (1e-25) PIF5ox(bHLH)/Arabidopsis-PIF5ox-ChIP-Seq(GSE35062)/Homer
		59 of 1006 (1e-25) IBL1(bHLH)/Seedling-IBL1-ChIP-Seq(GSE51120)/Homer
		60 of 1006 (1e-25) bZIP28(bZIP)/col-bZIP28-DAP-Seq(GSE60143)/Homer
		61 of 1006 (1e-23) p73(p53)/Trachea-p73-ChIP-Seq(PRJNA310161)/Homer
		62 of 1006 (1e-21) Egr2(Zf)/Thymocytes-Egr2-ChIP-Seq(GSE34254)/Homer
		63 of 1006 (1e-21) BHLHA15(bHLH)/NIH3T3-BHLHB8.HA-ChIP-Seq(GSE119782)/Homer
		64 of 1006 (1e-19) SeqBias: CA-repeat
		65 of 1006 (1e-19) ANAC047(NAC)/colamp-ANAC047-DAP-Seq(GSE60143)/Homer
		66 of 1006 (1e-16) SPL5(SBP)/colamp-SPL5-DAP-Seq(GSE60143)/Homer
		67 of 1006 (1e-16) ANAC079(NAC)/colamp-ANAC079-DAP-Seq(GSE60143)/Homer
		68 of 1006 (1e-16) CAMTA5(CAMTA)/col-CAMTA5-DAP-Seq(GSE60143)/Homer
		69 of 1006 (1e-14) OCT:OCT(POU,Homeobox)/NPC-Brn1-ChIP-Seq(GSE35496)/Homer
		70 of 1006 (1e-14) TATA-box/SacCer-Promoters/Homer
		71 of 1006 (1e-13) ZML2(C2C2gata)/col-ZML2-DAP-Seq(GSE60143)/Homer
		72 of 1006 (1e-11) RUNX2(Runt)/PCa-RUNX2-ChIP-Seq(GSE33889)/Homer
		73 of 1006 (1e-10) SPL15(SBP)/colamp-SPL15-DAP-Seq(GSE60143)/Homer
		74 of 1006 (1e-9) Ptf1a(bHLH)/Panc1-Ptf1a-ChIP-Seq(GSE47459)/Homer
		75 of 1006 (1e-9) bHLH28(bHLH)/col-bHLH28-DAP-Seq(GSE60143)/Homer
		76 of 1006 (1e-9) Foxa2(Forkhead)/Liver-Foxa2-ChIP-Seq(GSE25694)/Homer
		77 of 1006 (1e-9) GATA3(Zf),DR8/iTreg-Gata3-ChIP-Seq(GSE20898)/Homer
		78 of 1006 (1e-8) HIF-1a(bHLH)/MCF7-HIF1a-ChIP-Seq(GSE28352)/Homer
		79 of 1006 (1e-7) Oct11(POU,Homeobox)/NCIH1048-POU2F3-ChIP-seq(GSE115123)/Homer
		80 of 1006 (1e-7) WT1(Zf)/Kidney-WT1-ChIP-Seq(GSE90016)/Homer
		81 of 1006 (1e-5) DREB26(AP2EREBP)/col-DREB26-DAP-Seq(GSE60143)/Homer
		82 of 1006 (1e-5) HOXA2(Homeobox)/mES-Hoxa2-ChIP-Seq(Donaldson_et_al.)/Homer
		83 of 1006 (1e-5) MYB63(MYB)/col-MYB63-DAP-Seq(GSE60143)/Homer
		84 of 1006 (1e-5) AT5G22990(C2H2)/col-AT5G22990-DAP-Seq(GSE60143)/Homer
		85 of 1006 (1e-4) TGA9(bZIP)/colamp-TGA9-DAP-Seq(GSE60143)/Homer
		86 of 1006 (1e-4) HEB(bHLH)/mES-Heb-ChIP-Seq(GSE53233)/Homer
		87 of 1006 (1e-4) At1g77640(AP2EREBP)/col-At1g77640-DAP-Seq(GSE60143)/Homer
		88 of 1006 (1e-4) Cbf1(bHLH)/Yeast-Cbf1-ChIP-Seq(GSE29506)/Homer
		89 of 1006 (1e-4) bHLH18(bHLH)/col-bHLH18-DAP-Seq(GSE60143)/Homer
		90 of 1006 (1e-4) bHLH74(bHLH)/col-bHLH74-DAP-Seq(GSE60143)/Homer
		91 of 1006 (1e-3) BIM3(bHLH)/col-BIM3-DAP-Seq(GSE60143)/Homer
		92 of 1006 (1e-3) AT1G44830(AP2EREBP)/col-AT1G44830-DAP-Seq(GSE60143)/Homer
		93 of 1006 (1e-3) MYB13(MYB)/col-MYB13-DAP-Seq(GSE60143)/Homer
		94 of 1006 (1e-3) HOXA1(Homeobox)/mES-Hoxa1-ChIP-Seq(SRP084292)/Homer
		95 of 1006 (1e-3) BIM1(bHLH)/colamp-BIM1-DAP-Seq(GSE60143)/Homer
		96 of 1006 (1e-3) At2g03500(G2like)/col-At2g03500-DAP-Seq(GSE60143)/Homer
		97 of 1006 (1e-2) MYB10(MYB)/col-MYB10-DAP-Seq(GSE60143)/Homer
		98 of 1006 (1e-2) SPL9(SBP)/colamp-SPL9-DAP-Seq(GSE60143)/Homer
		99 of 1006 (1e-2) Brn2(POU,Homeobox)/NPC-Brn2-ChIP-Seq(GSE35496)/Homer
		100 of 1006 (1e-2) PAX6(Paired,Homeobox)/Forebrain-Pax6-ChIP-Seq(GSE66961)/Homer
		101 of 1006 (1e-2) MYB74(MYB)/colamp-MYB74-DAP-Seq(GSE60143)/Homer
		102 of 1006 (1e-2) DEAR5(AP2EREBP)/col-DEAR5-DAP-Seq(GSE60143)/Homer
		103 of 1006 (1e-2) Oct2(POU,Homeobox)/Bcell-Oct2-ChIP-Seq(GSE21512)/Homer
		104 of 1006 (1e-2) ATY19(MYB)/col-ATY19-DAP-Seq(GSE60143)/Homer
		105 of 1006 (1e-2) At5g65130(AP2EREBP)/colamp-At5g65130-DAP-Seq(GSE60143)/Homer
		106 of 1006 (1e-2) At4g28140(AP2EREBP)/colamp-At4g28140-DAP-Seq(GSE60143)/Homer
		107 of 1006 (1e-2) At4g31060(AP2EREBP)/colamp-At4g31060-DAP-Seq(GSE60143)/Homer
		108 of 1006 (1e-2) AT1G24250(Orphan)/col-AT1G24250-DAP-Seq(GSE60143)/Homer
	----------------------------------------------------------
	De novo motif finding (HOMER)

	Number of Trial motifs (-T) set to 8 (from 10) to work well with 8 CPUs
	Scanning input files...
	Parsing sequences...
	|0%                                   50%                                  100%|
	===============================================================================
	Total number of Oligos: 32892
	Autoadjustment for sequence coverage in background: 1.00x

	Oligos: 32892 of 34497 max
	Tree  : 66684 of 172485 max
	Optimizing memory usage...
	Cache length = 11180
	Using binomial scoring

	Global Optimization Phase: Looking for enriched oligos with up to 2 mismatches...

	Screening oligos 32892 (allowing 0 mismatches):
	|0%                                   50%                                  100%|
	================================================================================
		18.37% skipped, 81.63% checked (26851 of 32892), of those checked:
		18.37% not in target, 0.00% increased p-value, 0.00% high p-value

	Screening oligos 32892 (allowing 1 mismatches):
	|0%                                   50%                                  100%|
	================================================================================
		18.37% skipped, 81.63% checked (26851 of 32892), of those checked:
		0.00% not in target, 61.50% increased p-value, 62.23% high p-value

	Screening oligos 32892 (allowing 2 mismatches):
	|0%                                   50%                                  100%|
	================================================================================
		84.01% skipped, 15.99% checked (5261 of 32892), of those checked:
		0.00% not in target, 7.36% increased p-value, 0.00% high p-value
	Reading input files...
	50000 total sequences read
	Cache length = 11180
	Using binomial scoring

	Local Optimization Phase:
	1 of 25 Initial Sequence: TATACACG... (-1656.294)
		Round 1: -1891.96 TATACACG T:4407.0(89.91%),B:4956.8(24.03%),P:1e-821
		Round 2: -1891.96 TATACACG T:4407.0(89.91%),B:4956.8(24.03%),P:1e-821
		=Final=: -326.21 TATACACG T:740.0(38.50%),B:2667.7(14.79%),P:1e-141
		Performing exhaustive masking of motif...
		Reprioritizing potential motifs...
	2 of 25 Initial Sequence: CATACACG... (-1282.477)
		Round 1: -1496.80 CATACAYR T:4578.0(90.77%),B:6800.7(31.42%),P:1e-650
		Round 2: -1584.14 TGYACACA T:4608.0(90.91%),B:6427.9(29.98%),P:1e-687
		Round 3: -1585.25 TGTACAYA T:3217.0(81.25%),B:4288.5(21.16%),P:1e-688
		Round 4: -1585.25 TGTACAYA T:3217.0(81.25%),B:4288.5(21.16%),P:1e-688
		=Final=: -506.76 TGTACAYA T:830.0(43.18%),B:2446.5(13.57%),P:1e-220
		Performing exhaustive masking of motif...
		Reprioritizing potential motifs...
	3 of 25 Initial Sequence: ACGCATAC... (-1051.735)
		Round 1: -1199.05 ACACATAC T:2498.0(72.75%),B:4192.0(20.74%),P:1e-520
		Round 2: -1238.85 ACACATAC T:2963.0(78.61%),B:5093.0(24.60%),P:1e-538
		Round 3: -1238.85 ACACATAC T:2963.0(78.61%),B:5093.0(24.60%),P:1e-538
		=Final=: -498.54 ACACATAC T:841.0(43.76%),B:2542.9(14.10%),P:1e-216
		Performing exhaustive masking of motif...
		Reprioritizing potential motifs...
	4 of 25 Initial Sequence: CATCATCA... (-968.713)
		Round 1: -1393.68 CATCATCA T:1650.0(57.63%),B:1777.8(9.38%),P:1e-605
		Round 2: -1393.68 CATCATCA T:1650.0(57.63%),B:1777.8(9.38%),P:1e-605
		=Final=: -48.66 CATCATCA T:86.0(4.47%),B:236.2(1.31%),P:1e-21
		Performing exhaustive masking of motif...
		Reprioritizing potential motifs...
	5 of 25 Initial Sequence: CTACACAC... (-689.788)
		Round 1: -802.26 CHACACAC T:1638.0(57.36%),B:3343.3(16.92%),P:1e-348
		Round 2: -802.26 CHACACAC T:1638.0(57.36%),B:3343.3(16.92%),P:1e-348
		=Final=: -240.17 CHACACAC T:569.0(29.60%),B:2031.0(11.26%),P:1e-104
		Performing exhaustive masking of motif...
		Reprioritizing potential motifs...
	6 of 25 Initial Sequence: GATGGATG... (-559.658)
		Round 1: -784.81 KATGTATG T:2227.0(68.62%),B:5316.5(25.53%),P:1e-340
		Round 2: -784.81 KATGTATG T:2227.0(68.62%),B:5316.5(25.53%),P:1e-340
		=Final=: -271.37 KATGTATG T:487.0(25.34%),B:1419.4(7.87%),P:1e-117
		Performing exhaustive masking of motif...
		Reprioritizing potential motifs...
	7 of 25 Initial Sequence: CACGTACA... (-389.860)
		Round 1: -477.21 CACGTACA T:733.0(31.71%),B:1424.5(7.59%),P:1e-207
		Round 2: -477.21 CACGTACA T:733.0(31.71%),B:1424.5(7.59%),P:1e-207
		=Final=: -256.21 CACGTACA T:423.0(22.01%),B:1141.9(6.33%),P:1e-111
		Performing exhaustive masking of motif...
		Reprioritizing potential motifs...
	8 of 25 Initial Sequence: CATCACCA... (-335.749)
		Round 1: -757.05 CACCATCA T:1841.0(61.64%),B:4196.7(20.76%),P:1e-328
		Round 2: -771.92 CAYCACCA T:1918.0(63.14%),B:4380.0(21.56%),P:1e-335
		Round 3: -782.81 CACCAYCA T:1732.0(59.40%),B:3723.6(18.65%),P:1e-339
		Round 4: -785.66 CACCACCA T:1917.0(63.13%),B:4312.9(21.27%),P:1e-341
		Round 5: -791.34 CACCACCA T:1891.0(62.62%),B:4198.1(20.77%),P:1e-343
		Round 6: -791.34 CACCACCA T:1891.0(62.62%),B:4198.1(20.77%),P:1e-343
		=Final=: -5.72 CACCACCA T:89.0(4.63%),B:618.1(3.43%),P:1e-2
		Performing exhaustive masking of motif...
		Reprioritizing potential motifs...
	9 of 25 Initial Sequence: CATATGCA... (-304.146)
		Round 1: -543.38 CATATGCA T:1674.0(58.15%),B:4748.7(23.15%),P:1e-235
		Round 2: -543.38 CATATGCA T:1674.0(58.15%),B:4748.7(23.15%),P:1e-235
		=Final=: -181.77 CATATGCA T:703.0(36.58%),B:3299.5(18.30%),P:1e-78
		Performing exhaustive masking of motif...
		Reprioritizing potential motifs...
	10 of 25 Initial Sequence: GGTGAGTG... (-189.486)
Optimal threshold is low - motif appears very degenerate!!!
		Round 1: -256.91 GGTGWGTG T:683.0(29.91%),B:2096.6(10.97%),P:1e-111
		Round 2: -337.81 GGTGTGTG T:1797.0(60.75%),B:6944.5(31.96%),P:1e-146
		Round 3: -337.81 GGTGTGTG T:1797.0(60.75%),B:6944.5(31.96%),P:1e-146
		=Final=: -127.03 GGTGTGTG T:431.0(22.42%),B:1824.0(10.11%),P:1e-55
		Performing exhaustive masking of motif...
		Reprioritizing potential motifs...
	11 of 25 Initial Sequence: ATCACCAT... (-161.345)
		Round 1: -238.49 AYCAHCAY T:572.0(25.75%),B:1672.0(8.85%),P:1e-103
		Round 2: -256.21 AYCAYCAY T:491.0(22.55%),B:1234.2(6.61%),P:1e-111
		Round 3: -357.48 ACCAYCAY T:1138.0(44.69%),B:3627.0(18.22%),P:1e-155
		Round 4: -357.48 ACCAYCAY T:1138.0(44.69%),B:3627.0(18.22%),P:1e-155
		=Final=: -6.35 ACCAYCAY T:52.0(2.71%),B:315.0(1.75%),P:1e-2
		Performing exhaustive masking of motif...
		Reprioritizing potential motifs...
	12 of 25 Initial Sequence: ACCATCAC... (-143.966)
		Round 1: -225.84 ACCAHCAC T:1731.0(59.38%),B:7956.2(35.67%),P:1e-98
		Round 2: -225.84 ACCAHCAC T:1731.0(59.38%),B:7956.2(35.67%),P:1e-98
		=Final=: -20.77 ACCAHCAC T:86.0(4.47%),B:393.0(2.18%),P:1e-9
		Performing exhaustive masking of motif...
		Reprioritizing potential motifs...
	13 of 25 Initial Sequence: ATATCAAA... (-108.571)
		Round 1: -135.19 AYAYCAMA T:327.0(15.65%),B:1008.4(5.44%),P:1e-58
		Round 2: -135.19 AYAYCAMA T:327.0(15.65%),B:1008.4(5.44%),P:1e-58
		=Final=: -24.71 AYAYCAMA T:175.0(9.11%),B:968.4(5.37%),P:1e-10
		Performing exhaustive masking of motif...
		Reprioritizing potential motifs...
	14 of 25 Initial Sequence: ATGCACAC... (-95.421)
		Round 1: -204.70 ATGCACAC T:789.0(33.68%),B:2976.0(15.21%),P:1e-88
		Round 2: -204.70 ATGCACAC T:789.0(33.68%),B:2976.0(15.21%),P:1e-88
		=Final=: -107.61 ATGCACAC T:415.0(21.59%),B:1858.9(10.31%),P:1e-46
		Performing exhaustive masking of motif...
		Reprioritizing potential motifs...
	15 of 25 Initial Sequence: ATGGATGG... (-81.564)
		Round 1: -177.89 ATGGATGG T:967.0(39.54%),B:4206.5(20.80%),P:1e-77
		Round 2: -178.07 ATGGATGG T:610.0(27.20%),B:2214.0(11.55%),P:1e-77
		Round 3: -180.59 ATGSATGG T:1087.0(43.20%),B:4865.7(23.65%),P:1e-78
		Round 4: -180.59 ATGSATGG T:1087.0(43.20%),B:4865.7(23.65%),P:1e-78
		=Final=: -17.92 ATGSATGG T:116.0(6.04%),B:627.6(3.48%),P:1e-7
		Performing exhaustive masking of motif...
		Reprioritizing potential motifs...
	16 of 25 Initial Sequence: CATATATG... (-73.396)
		Round 1: -80.06 CATATATG T:142.0(7.12%),B:364.8(2.00%),P:1e-34
		Round 2: -80.06 CATATATG T:142.0(7.12%),B:364.8(2.00%),P:1e-34
		=Final=: -37.05 CATATATG T:77.0(4.01%),B:239.6(1.33%),P:1e-16
		Performing exhaustive masking of motif...
		Reprioritizing potential motifs...
	17 of 25 Initial Sequence: AGACACAC... (-62.864)
		Round 1: -96.95 AGACACAC T:347.0(16.52%),B:1345.8(7.19%),P:1e-42
		Round 2: -97.91 AGWCACAC T:328.0(15.69%),B:1232.5(6.60%),P:1e-42
		Round 3: -97.91 AGWCACAC T:328.0(15.69%),B:1232.5(6.60%),P:1e-42
		=Final=: -36.63 AGWCACAC T:202.0(10.51%),B:1025.1(5.68%),P:1e-15
		Performing exhaustive masking of motif...
		Reprioritizing potential motifs...
	18 of 25 Initial Sequence: TACACACA... (-56.986)
		Round 1: -100.82 TACACACA T:318.0(15.25%),B:1161.0(6.23%),P:1e-43
		Round 2: -100.82 TACACACA T:318.0(15.25%),B:1161.0(6.23%),P:1e-43
		=Final=: -76.22 TACACACA T:249.0(12.96%),B:1010.9(5.61%),P:1e-33
		Performing exhaustive masking of motif...
		Reprioritizing potential motifs...
	19 of 25 Initial Sequence: CACACTCA... (-61.399)
		Round 1: -84.79 CACACTCA T:202.0(9.98%),B:633.6(3.45%),P:1e-36
		Round 2: -84.79 CACACTCA T:202.0(9.98%),B:633.6(3.45%),P:1e-36
		=Final=: -37.83 CACACTCA T:142.0(7.39%),B:615.0(3.41%),P:1e-16
		Performing exhaustive masking of motif...
		Reprioritizing potential motifs...
	20 of 25 Initial Sequence: GCATGCAT... (-33.131)
		Round 1: -62.03 NCATRCAC T:429.0(20.01%),B:2181.2(11.39%),P:1e-26
		Round 2: -77.91 VCAYRCAY T:616.0(27.43%),B:3216.6(16.34%),P:1e-33
		Round 3: -77.91 VCAYRCAY T:616.0(27.43%),B:3216.6(16.34%),P:1e-33
		=Final=: -40.03 VCAYRCAY T:419.0(21.80%),B:2608.1(14.46%),P:1e-17
		Performing exhaustive masking of motif...
		Reprioritizing potential motifs...
	21 of 25 Initial Sequence: GTAGATGG... (-31.873)
		Round 1: -33.09 GTAGATGG T:55.0(2.82%),B:142.3(0.78%),P:1e-14
		Round 2: -33.09 GTAGATGG T:55.0(2.82%),B:142.3(0.78%),P:1e-14
		=Final=: -16.94 GTAGATGG T:39.0(2.03%),B:134.6(0.75%),P:1e-7
		Performing exhaustive masking of motif...
		Reprioritizing potential motifs...
	22 of 25 Initial Sequence: TCACTATC... (-27.654)
		Round 1: -54.43 TCACYATC T:453.0(21.00%),B:2444.0(12.67%),P:1e-23
		Round 2: -66.00 YCACCATC T:226.0(11.10%),B:877.3(4.75%),P:1e-28
		Round 3: -66.00 YCACCATC T:226.0(11.10%),B:877.3(4.75%),P:1e-28
		=Final=: -12.12 YCACCATC T:52.0(2.71%),B:247.1(1.37%),P:1e-5
		Performing exhaustive masking of motif...
		Reprioritizing potential motifs...
	23 of 25 Initial Sequence: CGTGCATA... (-24.003)
		Round 1: -69.36 CGTGCATA T:306.0(14.72%),B:1320.0(7.06%),P:1e-30
		Round 2: -93.66 CGTGCATA T:319.0(15.30%),B:1214.6(6.51%),P:1e-40
		Round 3: -93.66 CGTGCATA T:319.0(15.30%),B:1214.6(6.51%),P:1e-40
		=Final=: -63.25 CGTGCATA T:258.0(13.42%),B:1163.2(6.45%),P:1e-27
		Performing exhaustive masking of motif...
		Reprioritizing potential motifs...
	24 of 25 Initial Sequence: CCACTCAC... (-22.710)
		Round 1: -36.36 CCACTCAC T:157.0(7.85%),B:691.4(3.76%),P:1e-15
		Round 2: -36.36 CCACTCAC T:157.0(7.85%),B:691.4(3.76%),P:1e-15
		=Final=: -23.18 CCACTCAC T:121.0(6.30%),B:604.6(3.35%),P:1e-10
		Performing exhaustive masking of motif...
		Reprioritizing potential motifs...
	25 of 25 Initial Sequence: CACCACTA... (-22.453)
		Round 1: -77.28 CAYCACTA T:211.0(10.40%),B:720.4(3.91%),P:1e-33
		Round 2: -90.75 CAYCACYA T:286.0(13.83%),B:1045.3(5.63%),P:1e-39
		Round 3: -90.75 CAYCACYA T:286.0(13.83%),B:1045.3(5.63%),P:1e-39
		=Final=: -12.91 CAYCACYA T:78.0(4.06%),B:417.9(2.32%),P:1e-5
		Performing exhaustive masking of motif...
		Reprioritizing potential motifs...

	Finalizing Enrichment Statistics (new in v3.4)
	Reading input files...
	50000 total sequences read
	Cache length = 11180
	Using binomial scoring
	Checking enrichment of 25 motif(s)
	|0%                                    50%                                  100%|
	=================================================================================
	Output in file: homerOutput/SOX2.SRR945976/homerMotifs.motifs8


	Number of Trial motifs (-T) set to 8 (from 10) to work well with 8 CPUs
	Scanning input files...
	Parsing sequences...
	|0%                                   50%                                  100%|
	===============================================================================
	Total number of Oligos: 482075
	Autoadjustment for sequence coverage in background: 1.00x

	Oligos: 482075 of 551887 max
	Tree  : 999636 of 2759435 max
	Optimizing memory usage...
	Cache length = 11180
	Using binomial scoring

	Global Optimization Phase: Looking for enriched oligos with up to 2 mismatches...

	Screening oligos 482075 (allowing 0 mismatches):
	|0%                                   50%                                  100%|
	================================================================================
		77.22% skipped, 22.78% checked (109817 of 482075), of those checked:
		77.22% not in target, 0.00% increased p-value, 0.00% high p-value

	Screening oligos 482075 (allowing 1 mismatches):
	|0%                                   50%                                  100%|
	================================================================================
		77.22% skipped, 22.78% checked (109817 of 482075), of those checked:
		0.00% not in target, 15.51% increased p-value, 10.30% high p-value

	Screening oligos 482075 (allowing 2 mismatches):
	|0%                                   50%                                  100%|
	================================================================================
		93.58% skipped, 6.42% checked (30953 of 482075), of those checked:
		0.00% not in target, 0.91% increased p-value, 0.00% high p-value
	Reading input files...
	50000 total sequences read
	Cache length = 11180
	Using binomial scoring

	Local Optimization Phase:
	1 of 25 Initial Sequence: CGTATACGCA... (-2091.671)
		Round 1: -2135.79 CGTATACGCA T:3247.0(81.54%),B:2888.0(14.79%),P:1e-927
		Round 2: -2135.79 CGTATACGCA T:3247.0(81.54%),B:2888.0(14.79%),P:1e-927
		=Final=: -540.10 CGTATACGCA T:474.0(24.66%),B:679.5(3.77%),P:1e-234
		Performing exhaustive masking of motif...
		Reprioritizing potential motifs...
	2 of 25 Initial Sequence: TACACACATG... (-1495.461)
		Round 1: -1631.61 TACACACATG T:3274.0(81.80%),B:4237.5(20.94%),P:1e-708
		Round 2: -1840.74 YACACACATG T:2934.0(78.28%),B:3110.1(15.84%),P:1e-799
		Round 3: -1840.74 YACACACATG T:2934.0(78.28%),B:3110.1(15.84%),P:1e-799
		=Final=: -678.51 YACACACATG T:830.0(43.18%),B:1901.7(10.55%),P:1e-294
		Performing exhaustive masking of motif...
		Reprioritizing potential motifs...
	3 of 25 Initial Sequence: ATCATCATCA... (-1308.762)
		Round 1: -1958.11 AYCAYCAYCA T:2715.0(75.66%),B:2532.3(13.10%),P:1e-850
		Round 2: -1958.11 AYCAYCAYCA T:2715.0(75.66%),B:2532.3(13.10%),P:1e-850
		=Final=: -80.07 AYCAYCAYCA T:64.0(3.33%),B:76.7(0.43%),P:1e-34
		Performing exhaustive masking of motif...
		Reprioritizing potential motifs...
	4 of 25 Initial Sequence: ACACACCACA... (-1283.363)
		Round 1: -1601.59 ACACAMCACA T:2989.0(78.89%),B:3844.1(19.20%),P:1e-695
		Round 2: -1655.11 ACACAMCACA T:3254.0(81.61%),B:4126.3(20.45%),P:1e-718
		Round 3: -1667.25 ACACACCACA T:3548.0(84.22%),B:4557.1(22.33%),P:1e-724
		Round 4: -1669.39 ACACAMYACA T:3847.0(86.49%),B:5006.8(24.24%),P:1e-725
		Round 5: -1682.13 ACACACCACA T:3567.0(84.38%),B:4536.7(22.24%),P:1e-730
		Round 6: -1682.13 ACACACCACA T:3567.0(84.38%),B:4536.7(22.24%),P:1e-730
		=Final=: -251.30 ACACACCACA T:335.0(17.43%),B:738.2(4.09%),P:1e-109
		Performing exhaustive masking of motif...
		Reprioritizing potential motifs...
	5 of 25 Initial Sequence: TGTACGTATG... (-914.688)
		Round 1: -914.69 TGTACGTATG T:3356.0(82.56%),B:7824.0(35.20%),P:1e-397
		Round 2: -914.69 TGTACGTATG T:3356.0(82.56%),B:7824.0(35.20%),P:1e-397
		=Final=: -366.84 TGTACGTATG T:1020.0(53.07%),B:4396.2(24.38%),P:1e-159
		Performing exhaustive masking of motif...
		Reprioritizing potential motifs...
	6 of 25 Initial Sequence: TGGATGGATG... (-657.813)
		Round 1: -892.17 TGGATGGATG T:3401.0(82.97%),B:8107.5(36.21%),P:1e-387
		Round 2: -892.17 TGGATGGATG T:3401.0(82.97%),B:8107.5(36.21%),P:1e-387
		=Final=: -273.68 TGGATGGATG T:600.0(31.22%),B:2054.5(11.39%),P:1e-118
		Performing exhaustive masking of motif...
		Reprioritizing potential motifs...
	7 of 25 Initial Sequence: ATCACCATCA... (-632.568)
		Round 1: -1175.90 ATCACCAYCA T:1741.0(59.59%),B:2448.9(12.69%),P:1e-510
		Round 2: -1218.98 ACCACYAYCA T:1617.0(56.89%),B:2057.8(10.78%),P:1e-529
		Round 3: -1237.53 ACCAYCACCA T:1670.0(58.07%),B:2138.9(11.18%),P:1e-537
		Round 4: -1237.53 ACCAYCACCA T:1670.0(58.07%),B:2138.9(11.18%),P:1e-537
		=Final=: -40.64 ACCAYCACCA T:91.0(4.73%),B:297.0(1.65%),P:1e-17
		Performing exhaustive masking of motif...
		Reprioritizing potential motifs...
	8 of 25 Initial Sequence: TATACACACG... (-434.427)
Optimal threshold is low - motif appears very degenerate!!!
		Round 1: -499.58 TATACACACG T:1721.0(59.17%),B:5232.4(25.19%),P:1e-216
		Round 2: -613.83 TATACACACR T:2080.0(66.12%),B:5855.0(27.72%),P:1e-266
		Round 3: -618.40 TATAYACACR T:2143.0(67.22%),B:6056.5(28.53%),P:1e-268
		Round 4: -628.16 TRTACACGTR T:2238.0(68.80%),B:6346.6(29.67%),P:1e-272
		Round 5: -628.16 TRTACACGTR T:2238.0(68.80%),B:6346.6(29.67%),P:1e-272
		=Final=: -252.51 TRTACACGTR T:746.0(38.81%),B:3117.2(17.29%),P:1e-109
		Performing exhaustive masking of motif...
		Reprioritizing potential motifs...
	9 of 25 Initial Sequence: TATGTACAGT... (-421.363)
		Round 1: -421.36 TATGTACAGT T:77.0(3.93%),B:1.8(0.01%),P:1e-182
		Round 2: -421.36 TATGTACAGT T:77.0(3.93%),B:1.8(0.01%),P:1e-182
		=Final=: -153.56 TATGTACAGT T:32.0(1.66%),B:1.8(0.01%),P:1e-66
		Performing exhaustive masking of motif...
		Reprioritizing potential motifs...
	10 of 25 Initial Sequence: GTACTTTGAT... (-317.694)
		Round 1: -317.69 GTACTTTGAT T:77.0(3.93%),B:5.9(0.03%),P:1e-137
		Round 2: -317.69 GTACTTTGAT T:77.0(3.93%),B:5.9(0.03%),P:1e-137
		=Final=: -94.28 GTACTTTGAT T:30.0(1.56%),B:5.9(0.03%),P:1e-40
		Performing exhaustive masking of motif...
		Reprioritizing potential motifs...
	11 of 25 Initial Sequence: CATCATCATC... (-242.161)
		Round 1: -338.42 CATCATCATC T:643.0(28.44%),B:1549.2(8.23%),P:1e-146
		Round 2: -366.48 CATCAYCATC T:652.0(28.77%),B:1485.3(7.91%),P:1e-159
		Round 3: -377.45 CAYCAYCATC T:712.0(30.96%),B:1682.5(8.91%),P:1e-163
		Round 4: -377.45 CAYCAYCATC T:712.0(30.96%),B:1682.5(8.91%),P:1e-163
		=Final=: -54.98 CAYCAYCATC T:48.0(2.50%),B:65.9(0.37%),P:1e-23
		Performing exhaustive masking of motif...
		Reprioritizing potential motifs...
	12 of 25 Initial Sequence: GTGTCGTGTG... (-185.531)
		Round 1: -336.46 GTGTKGTGTG T:835.0(35.24%),B:2380.0(12.36%),P:1e-146
		Round 2: -368.64 GTGTGGTGTG T:465.0(21.49%),B:796.0(4.31%),P:1e-160
		Round 3: -374.09 GTGYDGTGTG T:996.0(40.45%),B:2893.5(14.82%),P:1e-162
		Round 4: -376.88 GTGTGGTGTG T:1225.0(47.14%),B:3906.6(19.48%),P:1e-163
		Round 5: -376.88 GTGTGGTGTG T:1225.0(47.14%),B:3906.6(19.48%),P:1e-163
		=Final=: -98.58 GTGTGGTGTG T:220.0(11.45%),B:714.6(3.96%),P:1e-42
		Performing exhaustive masking of motif...
		Reprioritizing potential motifs...
	13 of 25 Initial Sequence: TACACATGCA... (-150.757)
		Round 1: -254.10 TACACATGCA T:877.0(36.64%),B:3068.7(15.65%),P:1e-110
Optimal threshold is low - motif appears very degenerate!!!
		Round 2: -254.10 TACACATGCA T:877.0(36.64%),B:3068.7(15.65%),P:1e-110
		=Final=: -129.70 TACACATGCA T:479.0(24.92%),B:2123.8(11.78%),P:1e-56
		Performing exhaustive masking of motif...
		Reprioritizing potential motifs...
	14 of 25 Initial Sequence: TGTATTTGGT... (-116.496)
		Round 1: -146.75 TGTATTTGGT T:36.0(1.86%),B:4.0(0.02%),P:1e-63
		Round 2: -146.75 TGTATTTGGT T:36.0(1.86%),B:4.0(0.02%),P:1e-63
		=Final=: -69.74 TGTATTTGGT T:21.0(1.09%),B:3.8(0.02%),P:1e-30
		Performing exhaustive masking of motif...
		Reprioritizing potential motifs...
	15 of 25 Initial Sequence: CCCACACACC... (-103.209)
		Round 1: -144.63 CMCACACACC T:201.0(9.93%),B:408.4(2.24%),P:1e-62
		Round 2: -146.05 CACACACACC T:420.0(19.63%),B:1423.2(7.59%),P:1e-63
		Round 3: -172.22 CACACACACC T:455.0(21.08%),B:1453.6(7.74%),P:1e-74
		Round 4: -216.03 CACACACACC T:472.0(21.78%),B:1316.1(7.04%),P:1e-93
		Round 5: -237.04 CACACACACC T:592.0(26.52%),B:1773.4(9.36%),P:1e-102
		Round 6: -237.04 CACACACACC T:592.0(26.52%),B:1773.4(9.36%),P:1e-102
		=Final=: -86.54 CACACACACC T:271.0(14.10%),B:1078.1(5.98%),P:1e-37
		Performing exhaustive masking of motif...
		Reprioritizing potential motifs...
	16 of 25 Initial Sequence: CCTAACCCTA... (-101.821)
		Round 1: -106.68 CCTAACCCTA T:28.0(1.45%),B:3.8(0.02%),P:1e-46
		Round 2: -106.68 CCTAACCCTA T:28.0(1.45%),B:3.8(0.02%),P:1e-46
		=Final=: -3.93 CCTAACCCTA T:2.0(0.10%),B:2.3(0.01%),P:1e-1
		Performing exhaustive masking of motif...
		Reprioritizing potential motifs...
	17 of 25 Initial Sequence: CGTACATATG... (-97.946)
		Round 1: -46.98 CGTACATATG T:13.0(0.67%),B:1.6(0.01%),P:1e-20
		Round 2: -98.69 CGTACAYATG T:436.0(20.30%),B:1851.8(9.76%),P:1e-42
		Round 3: -138.41 YRTACACATG T:1443.0(52.81%),B:7612.4(34.44%),P:1e-60
		Round 4: -155.70 YRYACACATG T:932.0(38.43%),B:4235.2(20.93%),P:1e-67
		Round 5: -167.37 YAYACACATG T:643.0(28.44%),B:2470.9(12.80%),P:1e-72
		Round 6: -167.37 YAYACACATG T:643.0(28.44%),B:2470.9(12.80%),P:1e-72
		=Final=: -101.70 YAYACACATG T:422.0(21.96%),B:1952.4(10.83%),P:1e-44
		Performing exhaustive masking of motif...
		Reprioritizing potential motifs...
	18 of 25 Initial Sequence: CCAAAGTATG... (-92.226)
		Round 1: -97.00 CCAAAGTATG T:26.0(1.34%),B:3.7(0.02%),P:1e-42
		Round 2: -97.00 CCAAAGTATG T:26.0(1.34%),B:3.7(0.02%),P:1e-42
		=Final=: -26.82 CCAAAGTATG T:10.0(0.52%),B:3.7(0.02%),P:1e-11
		Performing exhaustive masking of motif...
		Reprioritizing potential motifs...
	19 of 25 Initial Sequence: GTATGTATTA... (-87.311)
		Round 1: -11.49 GTATGTATTA T:69.0(3.53%),B:360.7(1.98%),P:1e-4
		Round 2: -24.84 GTATATATTA T:90.0(4.58%),B:371.8(2.04%),P:1e-10
		Round 3: -50.61 GTACATAATA T:70.0(3.58%),B:150.0(0.82%),P:1e-21
		Round 4: -53.26 GTACATAAWA T:18.0(0.93%),B:4.7(0.02%),P:1e-23
		Round 5: -55.74 GTACATGAAA T:23.0(1.19%),B:8.8(0.04%),P:1e-24
		Round 6: -55.74 GTACATGAAA T:23.0(1.19%),B:8.8(0.04%),P:1e-24
		=Final=: -37.08 GTACATGAAA T:17.0(0.88%),B:8.8(0.05%),P:1e-16
		Performing exhaustive masking of motif...
		Reprioritizing potential motifs...
	20 of 25 Initial Sequence: GTAGTAGTAG... (-52.708)
		Round 1: -92.43 GTAGTAGTAG T:62.0(3.18%),B:55.5(0.30%),P:1e-40
		Round 2: -92.43 GTAGTAGTAG T:62.0(3.18%),B:55.5(0.30%),P:1e-40
		=Final=: -8.40 GTAGTAGTAG T:15.0(0.78%),B:47.8(0.26%),P:1e-3
		Performing exhaustive masking of motif...
		Reprioritizing potential motifs...
	21 of 25 Initial Sequence: TGTACGTACA... (-51.795)
		Round 1: -6.78 TGTACGTACA T:195.0(9.65%),B:1443.0(7.69%),P:1e-2
		Round 2: -25.34 TGTACAYACA T:401.0(18.84%),B:2583.5(13.35%),P:1e-11
		Round 3: -79.34 TGYACACACA T:112.0(5.66%),B:238.7(1.31%),P:1e-34
		Round 4: -84.00 TRCACACACA T:158.0(7.89%),B:423.1(2.32%),P:1e-36
		Round 5: -84.00 TRCACACACA T:158.0(7.89%),B:423.1(2.32%),P:1e-36
		=Final=: -53.64 TRCACACACA T:126.0(6.56%),B:422.0(2.34%),P:1e-23
		Performing exhaustive masking of motif...
		Reprioritizing potential motifs...
	22 of 25 Initial Sequence: CATGCCACAC... (-47.075)
		Round 1: -60.11 CATGCCACAC T:26.0(1.34%),B:10.2(0.06%),P:1e-26
		Round 2: -88.00 CATACTACAC T:36.0(1.86%),B:12.9(0.07%),P:1e-38
		Round 3: -88.00 CATACTACAC T:36.0(1.86%),B:12.9(0.07%),P:1e-38
		=Final=: -53.22 CATACTACAC T:25.0(1.30%),B:12.9(0.07%),P:1e-23
		Performing exhaustive masking of motif...
		Reprioritizing potential motifs...
	23 of 25 Initial Sequence: TACCGTATAT... (-46.985)
		Round 1: -60.32 TACCGTATAT T:51.0(2.62%),B:64.4(0.35%),P:1e-26
		Round 2: -66.65 TACCGTATAT T:17.0(0.88%),B:0.6(0.00%),P:1e-28
		Round 3: -66.65 TACCGTATAT T:17.0(0.88%),B:0.6(0.00%),P:1e-28
		=Final=: -12.22 TACCGTATAT T:4.0(0.21%),B:0.5(0.00%),P:1e-5
		Performing exhaustive masking of motif...
		Reprioritizing potential motifs...
	24 of 25 Initial Sequence: CACATCGGTT... (-46.985)
		Round 1: -56.68 CACATCGGTT T:15.0(0.78%),B:1.1(0.01%),P:1e-24
		Round 2: -56.68 CACATCGGTT T:15.0(0.78%),B:1.1(0.01%),P:1e-24
		=Final=: -16.08 CACATCGGTT T:5.0(0.26%),B:1.1(0.01%),P:1e-6
		Performing exhaustive masking of motif...
		Reprioritizing potential motifs...
	25 of 25 Initial Sequence: TGTACATACA... (-45.582)
		Round 1: -3.93 NGTACATACN T:36.0(1.86%),B:227.9(1.25%),P:1e-1
		Round 2: -3.93 NGTACATACN T:36.0(1.86%),B:227.9(1.25%),P:1e-1
		=Final=: -2.79 NGTACATACN T:27.0(1.40%),B:184.0(1.02%),P:1e-1
		Performing exhaustive masking of motif...
		Reprioritizing potential motifs...

	Finalizing Enrichment Statistics (new in v3.4)
	Reading input files...
	50000 total sequences read
	Cache length = 11180
	Using binomial scoring
	Checking enrichment of 25 motif(s)
	|0%                                    50%                                  100%|
	=================================================================================
	Output in file: homerOutput/SOX2.SRR945976/homerMotifs.motifs10


	Number of Trial motifs (-T) set to 8 (from 10) to work well with 8 CPUs
	-blen automatically set to 2
	Scanning input files...
	Parsing sequences...
	|0%                                   50%                                  100%|
	===============================================================================
	Total number of Oligos: 3549668
	Autoadjustment for sequence coverage in background: 1.00x

	Oligos: 3549668 of 8830118 max
	Tree  : 8113980 of 44150590 max
	Optimizing memory usage...
	Cache length = 11180
	Using binomial scoring

	Global Optimization Phase: Looking for enriched oligos with up to 2 mismatches...

	Screening oligos 3549668 (allowing 0 mismatches):
	|0%                                   50%                                  100%|
	================================================================================
		95.16% skipped, 4.84% checked (171696 of 3549668), of those checked:
		95.16% not in target, 0.00% increased p-value, 0.00% high p-value

	Screening oligos 3549668 (allowing 1 mismatches):
	|0%                                   50%                                  100%|
	================================================================================
		95.16% skipped, 4.84% checked (171696 of 3549668), of those checked:
		0.00% not in target, 2.94% increased p-value, 0.34% high p-value

	Screening oligos 3549668 (allowing 2 mismatches):
	|0%                                   50%                                  100%|
	================================================================================
		98.14% skipped, 1.86% checked (66105 of 3549668), of those checked:
		0.00% not in target, 0.29% increased p-value, 0.00% high p-value
	Reading input files...
	50000 total sequences read
	Cache length = 11180
	Using binomial scoring

	Local Optimization Phase:
	1 of 25 Initial Sequence: TATACACACGTG... (-2170.351)
		Round 1: -2424.88 TATACACAYGTG T:3409.0(83.04%),B:2515.8(13.02%),P:1e-1053
		Round 2: -2424.88 TATACACAYGTG T:3409.0(83.04%),B:2515.8(13.02%),P:1e-1053
		=Final=: -576.94 TATACACAYGTG T:481.0(25.03%),B:645.9(3.58%),P:1e-250
		Performing exhaustive masking of motif...
		Reprioritizing potential motifs...
	2 of 25 Initial Sequence: ACACACCACACA... (-1688.313)
		Round 1: -1946.45 ACACACCACACA T:3974.0(87.36%),B:4267.0(21.07%),P:1e-845
		Round 2: -2009.80 ACACACCACACA T:3381.0(82.79%),B:3342.0(16.91%),P:1e-872
		Round 3: -2040.63 ACACAMCACACA T:3500.0(83.82%),B:3420.7(17.28%),P:1e-886
		Round 4: -2049.18 ACACACCACACA T:3576.0(84.45%),B:3494.7(17.62%),P:1e-889
		Round 5: -2049.18 ACACACCACACA T:3576.0(84.45%),B:3494.7(17.62%),P:1e-889
		=Final=: -341.75 ACACACCACACA T:395.0(20.55%),B:765.7(4.25%),P:1e-148
		Performing exhaustive masking of motif...
		Reprioritizing potential motifs...
	3 of 25 Initial Sequence: ATCATCATCATC... (-1660.664)
		Round 1: -2057.65 ATCATCATCATC T:2590.0(74.02%),B:2171.5(11.34%),P:1e-893
		Round 2: -2104.42 ATCATCATCATC T:1980.0(64.32%),B:1291.6(6.91%),P:1e-913
		Round 3: -2104.42 ATCATCATCATC T:1980.0(64.32%),B:1291.6(6.91%),P:1e-913
		=Final=: -103.07 ATCATCATCATC T:68.0(3.54%),B:60.2(0.33%),P:1e-44
		Performing exhaustive masking of motif...
		Reprioritizing potential motifs...
	4 of 25 Initial Sequence: CACATACATGCA... (-1345.361)
		Round 1: -1658.97 CRYATACRTGBV T:3214.0(81.23%),B:4053.2(20.13%),P:1e-720
		Round 2: -1810.35 CAYATACATGYA T:4032.0(87.73%),B:4770.6(23.24%),P:1e-786
		Round 3: -1810.35 CAYATACATGYA T:4032.0(87.73%),B:4770.6(23.24%),P:1e-786
		=Final=: -555.26 CAYATACATGYA T:836.0(43.50%),B:2308.2(12.80%),P:1e-241
		Performing exhaustive masking of motif...
		Reprioritizing potential motifs...
	5 of 25 Initial Sequence: GATGGATGGATG... (-862.233)
		Round 1: -966.36 GATGGATGGATG T:2749.0(76.08%),B:5880.3(27.83%),P:1e-419
		Round 2: -966.36 GATGGATGGATG T:2749.0(76.08%),B:5880.3(27.83%),P:1e-419
		=Final=: -141.75 GATGGATGGATG T:731.0(38.03%),B:3848.2(21.34%),P:1e-61
		Performing exhaustive masking of motif...
		Reprioritizing potential motifs...
	6 of 25 Initial Sequence: TCATCACCATCA... (-600.349)
		Round 1: -1002.39 YCAYCACCAYCA T:1266.0(48.26%),B:1694.7(8.97%),P:1e-435
		Round 2: -1098.02 CCACCACCACCA T:1530.0(54.90%),B:2132.3(11.15%),P:1e-476
		Round 3: -1160.93 YCACCAYCAYCA T:1455.0(53.10%),B:1812.2(9.56%),P:1e-504
		Round 4: -1160.93 YCACCAYCAYCA T:1455.0(53.10%),B:1812.2(9.56%),P:1e-504
		=Final=: -61.16 YCACCAYCAYCA T:80.0(4.16%),B:169.9(0.94%),P:1e-26
		Performing exhaustive masking of motif...
		Reprioritizing potential motifs...
	7 of 25 Initial Sequence: CACATATGCACA... (-581.552)
		Round 1: -767.80 BRCATATGCRYV T:2887.0(77.74%),B:7539.9(34.17%),P:1e-333
		Round 2: -767.80 BRCATATGCRYV T:2887.0(77.74%),B:7539.9(34.17%),P:1e-333
		=Final=: -265.37 BRCATATGCRYV T:864.0(44.95%),B:3877.2(21.50%),P:1e-115
		Performing exhaustive masking of motif...
		Reprioritizing potential motifs...
	8 of 25 Initial Sequence: TACAGTACATAA... (-539.214)
		Round 1: -823.31 TACWGTAYATAA T:138.0(6.93%),B:1.1(0.01%),P:1e-357
		Round 2: -823.31 TACWGTAYATAA T:138.0(6.93%),B:1.1(0.01%),P:1e-357
		=Final=: -176.75 TACWGTAYATAA T:36.0(1.87%),B:1.1(0.01%),P:1e-76
		Performing exhaustive masking of motif...
		Reprioritizing potential motifs...
	9 of 25 Initial Sequence: TGGATGGATGGA... (-369.001)
		Round 1: -20.63 TGGATGGATGGA T:248.0(12.11%),B:1521.6(8.09%),P:1e-8
		Round 2: -130.06 TGTATGKATGGA T:571.0(25.71%),B:2372.8(12.33%),P:1e-56
		Round 3: -196.94 TGTRTGTATGTA T:929.0(38.34%),B:3798.1(18.99%),P:1e-85
		Round 4: -236.84 TGTGTGTRTRTA T:1209.0(46.70%),B:4951.3(24.01%),P:1e-102
		Round 5: -313.05 TGTGTABATRYA T:2045.0(65.50%),B:8446.4(37.40%),P:1e-135
		Round 6: -327.86 TGTGTRTRTAYA T:1310.0(49.43%),B:4654.2(22.75%),P:1e-142
		Round 7: -333.00 TGTGTGTRTACA T:1169.0(45.58%),B:3938.6(19.62%),P:1e-144
		Round 8: -368.77 TGTGTGTRTAYA T:1884.0(62.49%),B:7052.8(32.37%),P:1e-160
		Round 9: -390.14 YGTGTGTGTRYA T:1473.0(53.54%),B:4947.1(23.99%),P:1e-169
		Round 10: -445.61 MATGTVCABACA T:1658.0(57.80%),B:5356.6(25.70%),P:1e-193
		=Final=: -138.05 MATGTVCABACA T:527.0(27.42%),B:2388.9(13.25%),P:1e-59
		Performing exhaustive masking of motif...
		Reprioritizing potential motifs...
	10 of 25 Initial Sequence: TATCAAAGTACG... (-336.767)
		Round 1: -395.07 TATCAAAGTACA T:73.0(3.73%),B:2.8(0.01%),P:1e-171
		Round 2: -395.07 TATCAAAGTACA T:73.0(3.73%),B:2.8(0.01%),P:1e-171
		=Final=: -136.50 TATCAAAGTACA T:29.0(1.51%),B:1.3(0.01%),P:1e-59
		Performing exhaustive masking of motif...
		Reprioritizing potential motifs...
	11 of 25 Initial Sequence: GGTGGATGGATG... (-218.376)
		Round 1: -44.57 TGTGGATGGATG T:150.0(7.51%),B:588.8(3.21%),P:1e-19
		Round 2: -44.57 TGTGGATGGATG T:150.0(7.51%),B:588.8(3.21%),P:1e-19
		=Final=: -27.26 TGTGGATGGATG T:113.0(5.88%),B:514.0(2.85%),P:1e-11
		Performing exhaustive masking of motif...
		Reprioritizing potential motifs...
	12 of 25 Initial Sequence: GTAGTAGTAGTA... (-206.434)
		Round 1: -218.38 GTAGTAGTAGTA T:44.0(2.26%),B:1.5(0.01%),P:1e-94
		Round 2: -218.38 GTAGTAGTAGTA T:44.0(2.26%),B:1.5(0.01%),P:1e-94
		=Final=: -16.08 GTAGTAGTAGTA T:5.0(0.26%),B:1.4(0.01%),P:1e-6
		Performing exhaustive masking of motif...
		Reprioritizing potential motifs...
	13 of 25 Initial Sequence: CCATCACCATCA... (-135.041)
		Round 1: -227.29 CCATCACCATCA T:196.0(9.70%),B:230.9(1.27%),P:1e-98
		Round 2: -279.83 CCATCACCATCA T:237.0(11.60%),B:267.9(1.47%),P:1e-121
		Round 3: -279.83 CCATCACCATCA T:237.0(11.60%),B:267.9(1.47%),P:1e-121
		=Final=: -92.66 CCATCACCATCA T:86.0(4.47%),B:124.6(0.69%),P:1e-40
		Performing exhaustive masking of motif...
		Reprioritizing potential motifs...
	14 of 25 Initial Sequence: CGGTCTTACACA... (-119.741)
		Round 1: -136.50 CRGTCTTACACA T:30.0(1.55%),B:1.5(0.01%),P:1e-59
		Round 2: -147.84 CRKKCTTACACA T:32.0(1.65%),B:0.6(0.00%),P:1e-64
		Round 3: -147.84 CRKKCTTACACA T:32.0(1.65%),B:0.6(0.00%),P:1e-64
		=Final=: -24.30 CRKKCTTACACA T:7.0(0.36%),B:0.5(0.00%),P:1e-10
		Performing exhaustive masking of motif...
		Reprioritizing potential motifs...
	15 of 25 Initial Sequence: TAGGGTTACGGT... (-114.231)
		Round 1: -136.50 TAGGGTTACGGT T:30.0(1.55%),B:3.0(0.01%),P:1e-59
		Round 2: -136.50 TAGGGTTACGGT T:30.0(1.55%),B:3.0(0.01%),P:1e-59
		=Final=: -13.40 TAGGGTTACGGT T:7.0(0.36%),B:5.5(0.03%),P:1e-5
		Performing exhaustive masking of motif...
		Reprioritizing potential motifs...
	16 of 25 Initial Sequence: ACCTACACCTAC... (-110.781)
		Round 1: -273.58 ACCTACACCTAC T:53.0(2.72%),B:2.7(0.01%),P:1e-118
		Round 2: -273.58 ACCTACACCTAC T:53.0(2.72%),B:2.7(0.01%),P:1e-118
		=Final=: -28.62 ACCTACACCTAC T:8.0(0.42%),B:1.5(0.01%),P:1e-12
		Performing exhaustive masking of motif...
		Reprioritizing potential motifs...
	17 of 25 Initial Sequence: TACATATGTATA... (-106.607)
		Round 1: -5.24 TGCMYGYSGGGA T:3.0(0.16%),B:2.2(0.01%),P:1e-2
		Round 2: -66.77 TRYATRTGTVTD T:372.0(17.60%),B:1760.1(9.30%),P:1e-28
		Round 3: -73.91 TRYATGTGTGTR T:215.0(10.59%),B:763.5(4.14%),P:1e-32
		Round 4: -102.85 TGYATGTGTGTG T:295.0(14.23%),B:1021.4(5.50%),P:1e-44
		Round 5: -117.75 TGYATGTGTGTG T:474.0(21.86%),B:1915.1(10.08%),P:1e-51
		Round 6: -146.41 TGYATGTGTGTG T:436.0(20.30%),B:1506.1(8.01%),P:1e-63
		Round 7: -146.41 TGYATGTGTGTG T:436.0(20.30%),B:1506.1(8.01%),P:1e-63
		=Final=: -79.43 TGYATGTGTGTG T:288.0(14.98%),B:1234.3(6.84%),P:1e-34
		Performing exhaustive masking of motif...
		Reprioritizing potential motifs...
	18 of 25 Initial Sequence: TGGATGAATGGA... (-97.946)
		Round 1: -20.11 CTCCCGATTCGA T:7.0(0.36%),B:0.0(0.00%),P:1e-8
		Round 2: -24.30 CTCCCGATTCGA T:8.0(0.42%),B:0.1(0.00%),P:1e-10
		Round 3: -33.07 CTCCCGATTCCA T:10.0(0.52%),B:0.6(0.00%),P:1e-14
		Round 4: -33.07 CTCCCGATTCCA T:10.0(0.52%),B:0.6(0.00%),P:1e-14
		=Final=: -20.11 CTCCCGATTCCA T:6.0(0.31%),B:0.6(0.00%),P:1e-8
		Performing exhaustive masking of motif...
		Reprioritizing potential motifs...
	19 of 25 Initial Sequence: ATGGGTAGATGG... (-92.605)
		Round 1: -20.11 AACGATCGTATA T:7.0(0.36%),B:0.0(0.00%),P:1e-8
		Round 2: -34.07 AACGATCSTWTA T:14.0(0.73%),B:5.1(0.03%),P:1e-14
		Round 3: -46.98 AAGGATCGTWCA T:13.0(0.67%),B:1.9(0.01%),P:1e-20
		Round 4: -48.52 AACGATCCTTTA T:20.0(1.04%),B:7.6(0.04%),P:1e-21
		Round 5: -48.52 AACGATCCTTTA T:20.0(1.04%),B:7.6(0.04%),P:1e-21
		=Final=: -18.96 AACGATCCTTTA T:9.0(0.47%),B:5.2(0.03%),P:1e-8
		Performing exhaustive masking of motif...
		Reprioritizing potential motifs...
	20 of 25 Initial Sequence: ATCCACTCATCC... (-92.605)
		Round 1: -11.28 ATCCACTCATCC T:199.0(9.84%),B:1350.0(7.21%),P:1e-4
		Round 2: -17.42 AYMCACTCATRC T:10.0(0.52%),B:7.1(0.04%),P:1e-7
		Round 3: -23.03 ACACACWCATAC T:12.0(0.62%),B:7.4(0.04%),P:1e-10
		Round 4: -48.98 ACACACACATRC T:30.0(1.55%),B:23.4(0.13%),P:1e-21
		Round 5: -60.86 ACACACACATRC T:96.0(4.87%),B:228.4(1.26%),P:1e-26
		Round 6: -70.49 ACACACACATRC T:64.0(3.28%),B:85.2(0.47%),P:1e-30
		Round 7: -71.66 ACACACACATAC T:46.0(2.37%),B:38.8(0.21%),P:1e-31
		Round 8: -86.35 ACACMCACATRY T:56.0(2.87%),B:47.9(0.26%),P:1e-37
		Round 9: -86.35 ACACMCACATRY T:56.0(2.87%),B:47.9(0.26%),P:1e-37
		=Final=: -79.42 ACACMCACATRY T:53.0(2.76%),B:48.8(0.27%),P:1e-34
		Performing exhaustive masking of motif...
		Reprioritizing potential motifs...
	21 of 25 Initial Sequence: TTTTATGTACAG... (-81.761)
		Round 1: -117.92 TTTTATGTACAG T:41.0(2.11%),B:9.7(0.05%),P:1e-51
		Round 2: -117.92 TTTTATGTACAG T:41.0(2.11%),B:9.7(0.05%),P:1e-51
		=Final=: -76.87 TTTTATGTACAG T:18.0(0.94%),B:1.6(0.01%),P:1e-33
		Performing exhaustive masking of motif...
		Reprioritizing potential motifs...
	22 of 25 Initial Sequence: GTGTAGTGTAGT... (-77.418)
		Round 1: -136.50 GTGTAGTGTAGT T:30.0(1.55%),B:1.0(0.01%),P:1e-59
		Round 2: -136.50 GTGTAGTGTAGT T:30.0(1.55%),B:1.0(0.01%),P:1e-59
		=Final=: -16.41 GTGTAGTGTAGT T:10.0(0.52%),B:9.8(0.05%),P:1e-7
		Performing exhaustive masking of motif...
		Reprioritizing potential motifs...
	23 of 25 Initial Sequence: TATACACGTGTA... (-76.873)
		Round 1: -97.95 TATACACGTGTA T:23.0(1.19%),B:2.3(0.01%),P:1e-42
		Round 2: -97.95 TATACACGTGTA T:23.0(1.19%),B:2.3(0.01%),P:1e-42
		=Final=: -51.80 TATACACGTGTA T:13.0(0.68%),B:1.8(0.01%),P:1e-22
		Performing exhaustive masking of motif...
		Reprioritizing potential motifs...
	24 of 25 Initial Sequence: GTACCGCACACA... (-66.654)
		Round 1: -100.67 GTACMGCACACA T:69.0(3.53%),B:61.8(0.34%),P:1e-43
		Round 2: -120.27 GTACHGCACACA T:49.0(2.52%),B:16.5(0.09%),P:1e-52
		Round 3: -120.27 GTACHGCACACA T:49.0(2.52%),B:16.5(0.09%),P:1e-52
		=Final=: -57.61 GTACHGCACACA T:29.0(1.51%),B:16.5(0.09%),P:1e-25
		Performing exhaustive masking of motif...
		Reprioritizing potential motifs...
	25 of 25 Initial Sequence: CCGTATATATAC... (-66.190)
		Round 1: -87.31 CCGTATATATAC T:21.0(1.09%),B:0.3(0.00%),P:1e-37
		Round 2: -87.31 CCGTATATATAC T:21.0(1.09%),B:0.3(0.00%),P:1e-37
		=Final=: -16.08 CCGTATATATAC T:5.0(0.26%),B:0.3(0.00%),P:1e-6
		Performing exhaustive masking of motif...
		Reprioritizing potential motifs...

	Finalizing Enrichment Statistics (new in v3.4)
	Reading input files...
	50000 total sequences read
	Cache length = 11180
	Using binomial scoring
	Checking enrichment of 25 motif(s)
	|0%                                    50%                                  100%|
	=================================================================================
	Output in file: homerOutput/SOX2.SRR945976/homerMotifs.motifs12

	(Motifs in homer2 format)
	Determining similar motifs... 75 reduced to 17 motifs
	Outputing HTML and sequence logos for motif comparison...
	Checking de novo motifs against known motifs...
	Formatting HTML page...
		1 of 17 (1e-309) similar to twi/MA0249.2/Jaspar(0.882)
		2 of 17 (1e-273) similar to ARNT::HIF1A/MA0259.1/Jaspar(0.799)
		3 of 17 (1e-234) similar to Cf2-II/dmmpmm(Pollard)/fly(0.750)
		4 of 17 (1e-233) similar to RAP1/MA0359.1/Jaspar(0.813)
		5 of 17 (1e-149) similar to Rbm38(RRM)/Danio_rerio-RNCMPT00283-PBM/HughesRNA(0.679)
		6 of 17 (1e-76) similar to ZBTB32/MA1580.1/Jaspar(0.740)
		7 of 17 (1e-66) similar to pan/dmmpmm(SeSiMCMC)/fly(0.750)
		8 of 17 (1e-46) similar to SUP-12(RRM)/Caenorhabditis_elegans-RNCMPT00179-PBM/HughesRNA(0.792)
		9 of 17 (1e-44) similar to ZML2(C2C2gata)/col-ZML2-DAP-Seq(GSE60143)/Homer(0.847)
		10 of 17 (1e-23) similar to Tb_0252(RRM)/Trypanosoma_brucei-RNCMPT00252-PBM/HughesRNA(0.804)
		11 of 17 (1e-11) similar to CG5213(RRM)/Drosophila_melanogaster-RNCMPT00010-PBM/HughesRNA(0.818)
		12 of 17 (1e-9) similar to MAL13P1.35(RRM)/Plasmodium_falciparum-RNCMPT00234-PBM/HughesRNA(0.684)
		13 of 17 (1e-8) similar to OPI1/Literature(Harbison)/Yeast(0.653)
		14 of 17 (1e-8) similar to PH0044.1_Homez/Jaspar(0.659)
		15 of 17 (1e-8) similar to An_0287(RRM)/Aspergillus_nidulans-RNCMPT00287-PBM/HughesRNA(0.694)
		16 of 17 (1e-7) similar to TBF1/MA0403.1/Jaspar(0.702)
		17 of 17 (1e-6) similar to MYB70/MA1393.2/Jaspar(0.683)
	Job finished - if results look good, please send beer to ..

	Cleaning up tmp files...

