INFO  @ Wed, 08 May 2024 18:12:06: 
# Command line: callpeak -t bowtieOutput/SRR945975/SRR945975.chr18.bed -c bowtieOutput/SRR945977/SRR945977.chr18.bed -g hs -n SOX2.SRR945977.chr18 --outdir macs2Output/SRR945977
# ARGUMENTS LIST:
# name = SOX2.SRR945977.chr18
# format = AUTO
# ChIP-seq file = ['bowtieOutput/SRR945975/SRR945975.chr18.bed']
# control file = ['bowtieOutput/SRR945977/SRR945977.chr18.bed']
# effective genome size = 2.70e+09
# band width = 300
# model fold = [5, 50]
# qvalue cutoff = 5.00e-02
# The maximum gap between significant sites is assigned as the read length/tag size.
# The minimum length of peaks is assigned as the predicted fragment length "d".
# Larger dataset will be scaled towards smaller dataset.
# Range for calculating regional lambda is: 1000 bps and 10000 bps
# Broad region calling is off
# Paired-End mode is off
 
INFO  @ Wed, 08 May 2024 18:12:06: #1 read tag files... 
INFO  @ Wed, 08 May 2024 18:12:06: #1 read treatment tags... 
INFO  @ Wed, 08 May 2024 18:12:06: Detected format is: BED 
INFO  @ Wed, 08 May 2024 18:12:07:  1000000 
INFO  @ Wed, 08 May 2024 18:12:08:  2000000 
INFO  @ Wed, 08 May 2024 18:12:08:  3000000 
INFO  @ Wed, 08 May 2024 18:12:09:  4000000 
INFO  @ Wed, 08 May 2024 18:12:10:  5000000 
INFO  @ Wed, 08 May 2024 18:12:11:  6000000 
INFO  @ Wed, 08 May 2024 18:12:12:  7000000 
INFO  @ Wed, 08 May 2024 18:12:12:  8000000 
INFO  @ Wed, 08 May 2024 18:12:13:  9000000 
INFO  @ Wed, 08 May 2024 18:12:14:  10000000 
INFO  @ Wed, 08 May 2024 18:12:15:  11000000 
INFO  @ Wed, 08 May 2024 18:12:16:  12000000 
INFO  @ Wed, 08 May 2024 18:12:16:  13000000 
INFO  @ Wed, 08 May 2024 18:12:17:  14000000 
INFO  @ Wed, 08 May 2024 18:12:18:  15000000 
INFO  @ Wed, 08 May 2024 18:12:18:  16000000 
INFO  @ Wed, 08 May 2024 18:12:19:  17000000 
INFO  @ Wed, 08 May 2024 18:12:20:  18000000 
INFO  @ Wed, 08 May 2024 18:12:21:  19000000 
INFO  @ Wed, 08 May 2024 18:12:21:  20000000 
INFO  @ Wed, 08 May 2024 18:12:22:  21000000 
INFO  @ Wed, 08 May 2024 18:12:23:  22000000 
INFO  @ Wed, 08 May 2024 18:12:24:  23000000 
INFO  @ Wed, 08 May 2024 18:12:24:  24000000 
INFO  @ Wed, 08 May 2024 18:12:25:  25000000 
INFO  @ Wed, 08 May 2024 18:12:27: #1.2 read input tags... 
INFO  @ Wed, 08 May 2024 18:12:27: Detected format is: BED 
INFO  @ Wed, 08 May 2024 18:12:27:  1000000 
INFO  @ Wed, 08 May 2024 18:12:28:  2000000 
INFO  @ Wed, 08 May 2024 18:12:29:  3000000 
INFO  @ Wed, 08 May 2024 18:12:30:  4000000 
INFO  @ Wed, 08 May 2024 18:12:31:  5000000 
INFO  @ Wed, 08 May 2024 18:12:31:  6000000 
INFO  @ Wed, 08 May 2024 18:12:32:  7000000 
INFO  @ Wed, 08 May 2024 18:12:33:  8000000 
INFO  @ Wed, 08 May 2024 18:12:34:  9000000 
INFO  @ Wed, 08 May 2024 18:12:34:  10000000 
INFO  @ Wed, 08 May 2024 18:12:35:  11000000 
INFO  @ Wed, 08 May 2024 18:12:36:  12000000 
INFO  @ Wed, 08 May 2024 18:12:37:  13000000 
INFO  @ Wed, 08 May 2024 18:12:37: #1 tag size is determined as 36 bps 
INFO  @ Wed, 08 May 2024 18:12:37: #1 tag size = 36.0 
INFO  @ Wed, 08 May 2024 18:12:37: #1  total tags in treatment: 25975958 
INFO  @ Wed, 08 May 2024 18:12:37: #1 user defined the maximum tags... 
INFO  @ Wed, 08 May 2024 18:12:37: #1 filter out redundant tags at the same location and the same strand by allowing at most 1 tag(s) 
INFO  @ Wed, 08 May 2024 18:12:37: #1  tags after filtering in treatment: 24500599 
INFO  @ Wed, 08 May 2024 18:12:37: #1  Redundant rate of treatment: 0.06 
INFO  @ Wed, 08 May 2024 18:12:37: #1  total tags in control: 13110654 
INFO  @ Wed, 08 May 2024 18:12:37: #1 user defined the maximum tags... 
INFO  @ Wed, 08 May 2024 18:12:37: #1 filter out redundant tags at the same location and the same strand by allowing at most 1 tag(s) 
INFO  @ Wed, 08 May 2024 18:12:37: #1  tags after filtering in control: 12014793 
INFO  @ Wed, 08 May 2024 18:12:37: #1  Redundant rate of control: 0.08 
INFO  @ Wed, 08 May 2024 18:12:37: #1 finished! 
INFO  @ Wed, 08 May 2024 18:12:37: #2 Build Peak Model... 
INFO  @ Wed, 08 May 2024 18:12:37: #2 looking for paired plus/minus strand peaks... 
INFO  @ Wed, 08 May 2024 18:12:40: #2 number of paired peaks: 87199 
INFO  @ Wed, 08 May 2024 18:12:40: start model_add_line... 
INFO  @ Wed, 08 May 2024 18:12:40: start X-correlation... 
INFO  @ Wed, 08 May 2024 18:12:40: end of X-cor 
INFO  @ Wed, 08 May 2024 18:12:40: #2 finished! 
INFO  @ Wed, 08 May 2024 18:12:40: #2 predicted fragment length is 85 bps 
INFO  @ Wed, 08 May 2024 18:12:40: #2 alternative fragment length(s) may be 85 bps 
INFO  @ Wed, 08 May 2024 18:12:40: #2.2 Generate R script for model : macs2Output/SRR945977/SOX2.SRR945977.chr18_model.r 
INFO  @ Wed, 08 May 2024 18:12:40: #3 Call peaks... 
INFO  @ Wed, 08 May 2024 18:12:40: #3 Pre-compute pvalue-qvalue table... 
INFO  @ Wed, 08 May 2024 18:13:15: #3 Call peaks for each chromosome... 
INFO  @ Wed, 08 May 2024 18:13:33: #4 Write output xls file... macs2Output/SRR945977/SOX2.SRR945977.chr18_peaks.xls 
INFO  @ Wed, 08 May 2024 18:13:33: #4 Write peak in narrowPeak format file... macs2Output/SRR945977/SOX2.SRR945977.chr18_peaks.narrowPeak 
INFO  @ Wed, 08 May 2024 18:13:33: #4 Write summits bed file... macs2Output/SRR945977/SOX2.SRR945977.chr18_summits.bed 
INFO  @ Wed, 08 May 2024 18:13:33: Done! 
